TN:
SF:/home/amila/Desktop/work/gapstars/front_end_source/contacts-list/src/polyfills.ts
FNF:0
FNH:0
DA:46,1
DA:60,1
LF:2
LH:2
BRF:0
BRH:0
end_of_record
TN:
SF:/home/amila/Desktop/work/gapstars/front_end_source/contacts-list/src/test.ts
FN:20,(anonymous_0)
FNF:1
FNH:1
FNDA:1,(anonymous_0)
DA:3,1
DA:4,1
DA:5,1
DA:6,1
DA:7,1
DA:8,1
DA:9,1
DA:10,1
DA:20,1
DA:23,1
DA:28,1
DA:30,1
DA:32,1
LF:13
LH:13
BRF:0
BRH:0
end_of_record
TN:
SF:/home/amila/Desktop/work/gapstars/front_end_source/contacts-list/src/app/contact.service.ts
FN:18,(anonymous_2)
FN:23,ContactService
FN:29,(anonymous_4)
FN:34,(anonymous_5)
FN:49,(anonymous_6)
FN:60,(anonymous_7)
FN:64,(anonymous_8)
FN:77,(anonymous_9)
FNF:8
FNH:4
FNDA:1,(anonymous_2)
FNDA:3,ContactService
FNDA:1,(anonymous_4)
FNDA:0,(anonymous_5)
FNDA:0,(anonymous_6)
FNDA:1,(anonymous_7)
FNDA:0,(anonymous_8)
FNDA:0,(anonymous_9)
DA:1,1
DA:3,1
DA:4,1
DA:5,1
DA:6,1
DA:8,1
DA:9,1
DA:10,1
DA:11,1
DA:18,1
DA:20,3
DA:23,3
DA:29,1
DA:31,1
DA:32,1
DA:36,0
DA:37,0
DA:38,0
DA:45,0
DA:51,0
DA:52,0
DA:53,0
DA:60,1
DA:61,1
DA:62,1
DA:65,0
DA:68,0
DA:69,0
DA:79,0
DA:80,0
DA:81,0
DA:84,1
LF:32
LH:19
BRDA:37,0,0,0
BRDA:37,0,1,0
BRDA:39,1,0,0
BRDA:39,1,1,0
BRDA:40,2,0,0
BRDA:40,2,1,0
BRDA:41,3,0,0
BRDA:41,3,1,0
BRDA:42,4,0,0
BRDA:42,4,1,0
BRDA:70,5,0,0
BRDA:70,5,1,0
BRDA:71,6,0,0
BRDA:71,6,1,0
BRDA:72,7,0,0
BRDA:72,7,1,0
BRDA:73,8,0,0
BRDA:73,8,1,0
BRF:18
BRH:0
end_of_record
TN:
SF:/home/amila/Desktop/work/gapstars/front_end_source/contacts-list/src/app/angular-material/angular-material.module.ts
FN:39,(anonymous_1)
FNF:1
FNH:1
FNDA:11,(anonymous_1)
DA:1,1
DA:2,1
DA:3,1
DA:4,1
DA:5,1
DA:6,1
DA:39,1
LF:7
LH:7
BRF:0
BRH:0
end_of_record
TN:
SF:/home/amila/Desktop/work/gapstars/front_end_source/contacts-list/src/app/contact-add/contact-add.component.ts
FN:15,(anonymous_2)
FN:25,ContactAddComponent
FN:30,(anonymous_4)
FN:42,(anonymous_5)
FN:47,(anonymous_6)
FN:51,(anonymous_7)
FN:59,(anonymous_8)
FNF:7
FNH:7
FNDA:1,(anonymous_2)
FNDA:7,ContactAddComponent
FNDA:8,(anonymous_4)
FNDA:18,(anonymous_5)
FNDA:17,(anonymous_6)
FNDA:1,(anonymous_7)
FNDA:1,(anonymous_8)
DA:2,1
DA:3,1
DA:4,1
DA:5,1
DA:15,1
DA:17,7
DA:20,7
DA:21,7
DA:22,7
DA:23,7
DA:25,7
DA:30,1
DA:31,8
DA:42,1
DA:43,18
DA:47,1
DA:48,17
DA:51,1
DA:52,1
DA:59,1
DA:60,1
DA:61,1
DA:62,1
DA:68,1
DA:70,1
DA:72,1
LF:26
LH:26
BRDA:43,0,0,16
BRDA:43,0,1,2
BRDA:44,1,0,0
BRDA:44,1,1,2
BRDA:48,2,0,16
BRDA:48,2,1,1
BRDA:52,3,0,0
BRDA:52,3,1,1
BRDA:60,4,0,1
BRDA:60,4,1,0
BRDA:64,5,0,1
BRDA:64,5,1,1
BRF:12
BRH:9
end_of_record
TN:
SF:/home/amila/Desktop/work/gapstars/front_end_source/contacts-list/src/app/contact-list/contact-list.component.ts
FN:13,(anonymous_2)
FN:16,ContactListComponent
FN:18,(anonymous_4)
FN:19,(anonymous_5)
FN:21,(anonymous_6)
FNF:5
FNH:4
FNDA:1,(anonymous_2)
FNDA:3,ContactListComponent
FNDA:5,(anonymous_4)
FNDA:2,(anonymous_5)
FNDA:0,(anonymous_6)
DA:1,1
DA:3,1
DA:13,1
DA:15,3
DA:16,3
DA:18,5
DA:19,5
DA:20,2
DA:22,0
DA:24,5
DA:27,1
LF:11
LH:10
BRF:0
BRH:0
end_of_record
TN:
SF:/home/amila/Desktop/work/gapstars/front_end_source/contacts-list/src/app/models/contact.model.ts
FN:1,(anonymous_0)
FN:3,Contact
FN:5,(anonymous_2)
FN:9,(anonymous_3)
FN:13,(anonymous_4)
FN:17,(anonymous_5)
FN:21,(anonymous_6)
FN:25,(anonymous_7)
FN:29,(anonymous_8)
FN:33,(anonymous_9)
FN:37,(anonymous_10)
FN:41,(anonymous_11)
FNF:12
FNH:7
FNDA:1,(anonymous_0)
FNDA:7,Contact
FNDA:3,(anonymous_2)
FNDA:0,(anonymous_3)
FNDA:3,(anonymous_4)
FNDA:0,(anonymous_5)
FNDA:3,(anonymous_6)
FNDA:0,(anonymous_7)
FNDA:3,(anonymous_8)
FNDA:0,(anonymous_9)
FNDA:0,(anonymous_10)
FNDA:3,(anonymous_11)
DA:1,1
DA:3,7
DA:5,1
DA:6,3
DA:10,0
DA:13,1
DA:14,3
DA:18,0
DA:21,1
DA:22,3
DA:26,0
DA:29,1
DA:30,3
DA:34,0
DA:37,1
DA:38,0
DA:41,1
DA:42,3
DA:50,1
LF:19
LH:14
BRF:0
BRH:0
end_of_record
TN:
SF:/home/amila/Desktop/work/gapstars/front_end_source/contacts-list/src/environments/environment.ts
FNF:0
FNH:0
DA:6,1
LF:1
LH:1
BRF:0
BRH:0
end_of_record
